<?xml version="1.0" encoding="UTF-8"?>
<!-- Generated by org.testng.reporters.JUnitReportReporter -->
<testsuite name="basics.Log4j" tests="1" time="19.429" ignored="0" failures="0" timestamp="27 Jan 2018 10:34:25 GMT" skipped="0" hostname="VENU-PC" errors="0">
  <testcase name="loginTest" time="19.429" classname="basics.Log4j"/>
</testsuite> <!-- basics.Log4j -->
