<?xml version="1.0" encoding="UTF-8"?>
<!-- Generated by org.testng.reporters.JUnitReportReporter -->
<testsuite name="basics.ReadExcel" tests="1" time="0.917" ignored="0" failures="0" timestamp="09 Feb 2018 14:18:40 GMT" skipped="0" hostname="VENU-PC" errors="0">
  <testcase name="readExcel" time="0.917" classname="basics.ReadExcel"/>
</testsuite> <!-- basics.ReadExcel -->
