<?xml version="1.0" encoding="UTF-8"?>
<!-- Generated by org.testng.reporters.JUnitReportReporter -->
<testsuite name="basics.Listener" tests="1" time="20.682" ignored="0" failures="0" timestamp="27 Jan 2018 09:35:40 GMT" skipped="0" hostname="VENU-PC" errors="0">
  <testcase name="testListener" time="20.682" classname="basics.Listener"/>
</testsuite> <!-- basics.Listener -->
